{
  "RSpec": {
    "coverage": {
      "/home/ultimate-certificate-0521/tic-tac-toe-rb-ruby-apply-000/lib/tic_tac_toe.rb": [
        1,
        24,
        24,
        24,
        24,
        24,
        null,
        null,
        1,
        null,
        null,
        null,
        null,
        null,
        null,
        null,
        null,
        1,
        23,
        null,
        null,
        1,
        23,
        null,
        null,
        1,
        21,
        21,
        189,
        31,
        null,
        null,
        21,
        null,
        1,
        20,
        20,
        14,
        null,
        6,
        null,
        null,
        null,
        1,
        0,
        0,
        0,
        0,
        null,
        null,
        null,
        null,
        null,
        1,
        20,
        20,
        20,
        20,
        19,
        19,
        19,
        null,
        1,
        null,
        null,
        null,
        1,
        22,
        null,
        null,
        1,
        25,
        null,
        null,
        1,
        53,
        375,
        375,
        375,
        null,
        375,
        375,
        375,
        null,
        375,
        11,
        364,
        3,
        null,
        null,
        39,
        null,
        null,
        1,
        187,
        null,
        null,
        1,
        20,
        4,
        null,
        16,
        null,
        null,
        null,
        1,
        21,
        10,
        null,
        11,
        null,
        null,
        null,
        1,
        3,
        3,
        3,
        null,
        null,
        2,
        1,
        null,
        1,
        null,
        null,
        null,
        null,
        1,
        12,
        17,
        null,
        12,
        5,
        7,
        3,
        null,
        null,
        null,
        null
      ]
    },
    "timestamp": 1590996218
  }
}
