{
  "RSpec": {
    "coverage": {
      "/home/ultimate-certificate-0521/tic-tac-toe-rb-ruby-apply-000/lib/tic_tac_toe.rb": [
        1,
        5,
        5,
        5,
        5,
        5,
        null,
        null,
        1,
        null,
        null,
        null,
        null,
        null,
        null,
        null,
        null,
        1,
        13,
        null,
        null,
        1,
        14,
        null,
        null,
        1,
        2,
        2,
        18,
        5,
        null,
        null,
        2,
        null,
        1,
        1,
        1,
        1,
        null,
        0,
        null,
        null,
        null,
        1,
        12,
        12,
        12,
        12,
        null,
        null,
        null,
        1,
        13,
        13,
        10,
        10,
        9,
        0,
        1,
        1,
        null,
        null,
        null,
        1,
        3,
        null,
        null,
        1,
        15,
        null,
        null,
        1,
        13,
        93,
        93,
        93,
        null,
        93,
        93,
        93,
        null,
        93,
        5,
        88,
        1,
        null,
        null,
        7,
        null,
        null,
        1,
        49,
        null,
        null,
        1,
        6,
        2,
        null,
        4,
        null,
        null,
        null,
        1,
        3,
        2,
        null,
        1,
        null,
        null,
        null,
        1,
        3,
        3,
        3,
        null,
        null,
        2,
        1,
        null,
        1,
        null,
        null,
        null
      ]
    },
    "timestamp": 1590988298
  }
}
